Warning: htop 3.3.0 is already installed and up-to-date.
To reinstall 3.3.0, run:
  brew reinstall htop
Warning: htop 3.3.0 is already installed and up-to-date.
To reinstall 3.3.0, run:
  brew reinstall htop
Warning: htop 3.3.0 is already installed and up-to-date.
To reinstall 3.3.0, run:
  brew reinstall htop
Warning: No available formula with the name "kslfss".
Error: No formulae or casks found for kslfss.
==> Searching for similarly named formulae and casks...
Warning: htop 3.3.0 is already installed and up-to-date.
To reinstall 3.3.0, run:
  brew reinstall htop
Warning: No available formula with the name "aklsjf".
Error: No formulae or casks found for aklsjf.
==> Searching for similarly named formulae and casks...
Warning: No available formula with the name "aklsjf".
Error: No formulae or casks found for aklsjf.
==> Searching for similarly named formulae and casks...
Warning: No available formula with the name "aklsjf".
Error: No formulae or casks found for aklsjf.
==> Searching for similarly named formulae and casks...
